           Network Fully Trained
Number of Passes over the whole input Set:   247
Training Rate Coefficient : 0.180
Momentum Coefficient      : 0.900
Total Error               :   0.801719

     Hidden Layer Weights


Weights for Hidden Layer Neuron No 0
  0.0124474970020998
  0.0148734889090179
  0.0193284171246262
  0.0150425317163467
  0.0160952349950207
  0.0092216790391717
  0.0040701733734636
  0.0051119083831637
  0.0161613014643933
  0.0190716852486332
  0.0139864742231453
  0.0100309766648934
  0.0140904031793525
  0.0123834072820301
  0.0109107403936406
  0.0033527846353962
  0.0112001710195102
  0.0179119987045340
  0.0062158008788202
  0.0062010003108028
  0.0207456437582891
  0.0187671829422129
  0.0086446272810008
  0.0022060692917272
  0.0080467966548952
  0.0128427688572259
  0.0095424609131385
  0.0182849549285322
  0.0130795309608800
  0.0138570585307605
  0.0018574473850546
  0.0094079181782121
  0.0061840349011462
  0.0110226029897973
  0.0065709120630615
  0.0108830746293620
  0.0175034699325067
  0.0117439398178760
  0.0099479571042309
  0.0069808011581571
  0.0097520814628638
  0.0107109021841296
  0.0085145794784864
  0.0153255050115888
  0.0153055000433540
  0.0182560408517531
  0.0081718904535677
  0.0056634117441092
  0.0112744618791254
  0.0197899459148800
  0.0136573479310158
  0.0235439562648025
  0.0218064969251088
  0.0082501306369096
  0.0082764050013964
  0.0023653771037644
  0.0021185472795970
  0.0079332881324632
  0.0021398904095022
  0.0109240296453805
  0.0083371854879033
  0.0051451260014730
  0.0097275816134328
  0.0077393938253607

Weights for Hidden Layer Neuron No 1
  0.0039820663880477
  0.0138671504896308
  0.0152551030193422
  0.0184854259013321
  0.0217180739066407
  0.0092179126659317
  0.0041116255942413
  0.0096549250740168
  0.0116042446322382
  0.0224014777915045
  0.0077217079347207
  0.0046750443710977
  0.0103174423418011
  0.0196375110804468
  0.0078583509208840
  0.0053862778292029
  0.0110796565977012
  0.0132582411133342
  0.0099315797585007
  0.0037190855509479
  0.0219709730746729
  0.0124475986733614
  0.0090105540880927
  0.0041901134739319
  0.0043095158716966
  0.0158458666331285
  0.0130847658879674
  0.0136634157229167
  0.0187012440705985
  0.0078940112727111
  0.0114123434977387
  0.0008816575432675
  0.0080088317809697
  0.0085854633709062
  0.0126828736851508
  0.0085161392434827
  0.0187911545839370
  0.0100360297521007
  0.0030111002800624
  0.0054143492728898
  0.0091404017180139
  0.0096107732268393
  0.0073070005631521
  0.0147260491674075
  0.0213898169373294
  0.0162706734075186
  0.0073722596393182
  0.0008173669018685
  0.0108883690259489
  0.0183525501984434
  0.0204245167516888
  0.0178203030279178
  0.0143681134408951
  0.0089349611320841
  0.0032250245513410
  0.0042337627526834
  0.0106383091665521
  0.0095006612108648
  0.0089976148774014
  0.0103992452750816
  0.0084439161066143
  0.0005096988595517
  0.0013734982035043
  0.0061834906960385

Weights for Hidden Layer Neuron No 2
  0.0099198800010356
  0.0122659225428805
  0.0210276820044157
  0.0175484539181809
  0.0182065540097085
  0.0132636027043418
  0.0031774274042142
  0.0057187229604168
  0.0161983634681917
  0.0229796594056495
  0.0061917126451547
  0.0092226242682329
  0.0168762941690943
  0.0160020110492951
  0.0104629715161337
  0.0040534197488853
  0.0157710621301135
  0.0119790973466678
  0.0075049386541863
  0.0069769270923103
  0.0207175202522762
  0.0180056864806772
  0.0054641515089671
  0.0050443710361634
  0.0088849810051244
  0.0103400320318059
  0.0158632053400538
  0.0181332065002096
  0.0149412973822933
  0.0046617741973378
  0.0022079552480889
  0.0001780552936068
  0.0098974908266030
  0.0173810452130567
  0.0113801790779888
  0.0070208233693378
  0.0145714679482438
  0.0099400969589141
  0.0130529544889981
  0.0007231183810514
  0.0125835509334422
  0.0184625354429215
  0.0114588889821192
  0.0082280464233406
  0.0192453891785931
  0.0104538731320361
  0.0111089612984898
  0.0078197890327516
  0.0126155058072754
  0.0164194488396845
  0.0150568148416426
  0.0145766747812388
  0.0212487992136801
  0.0104879157451023
  0.0088803853827386
  0.0080532469901868
  0.0028217741487069
  0.0095836438782726
  0.0062303161981063
  0.0050377357081430
  0.0047481776832541
  0.0004703938919173
  0.0000472317627642
  0.0030274854742736

Weights for Hidden Layer Neuron No 3
  0.0103620804593447
  0.0107649303333375
  0.0186103522729013
  0.0196199224000395
  0.0176708978510760
  0.0132730167313895
  0.0021009711245235
  0.0082224670515103
  0.0195801280575836
  0.0214003628072419
  0.0149149236842305
  0.0096213941665440
  0.0113372422482598
  0.0112793548404539
  0.0027598391868437
  0.0017338248356928
  0.0086660308521687
  0.0144310439939659
  0.0092176650976086
  0.0029241066277059
  0.0173941859297599
  0.0147953521350246
  0.0107965812050850
  0.0060105072072787
  0.0059429462582656
  0.0068592243687391
  0.0160619368892299
  0.0186567282762553
  0.0190609260518215
  0.0149090974184958
  0.0087760061826572
  0.0036069730118840
  0.0102530254948618
  0.0138898844382709
  0.0067800503429609
  0.0061826184173910
  0.0152973088400330
  0.0176134226140618
  0.0127113833550254
  0.0087030299499702
  0.0104940576368477
  0.0091164458285675
  0.0077448859422304
  0.0092378985149679
  0.0209695754466281
  0.0193203476073904
  0.0024060862898132
  0.0025882165659254
  0.0111156167259878
  0.0198253259967487
  0.0228196356356136
  0.0241648776912200
  0.0137182959836366
  0.0109370321480355
  0.0016044278569076
  0.0109568555797495
  0.0061179157712772
  0.0019387517155813
  0.0017373886827929
  0.0043955995554725
  0.0019108975525910
  0.0111237058070657
  0.0086392058593248
  0.0040836963185171

Weights for Hidden Layer Neuron No 4
  0.0458771672574017
 -0.0466875772294202
  0.0319191648291053
  0.0480960857453283
  0.0350917302611720
  0.0874391234224277
  0.0015093547846661
  0.0036609540641130
 -0.0448747374744016
  0.0318440984296444
  0.1029843565272586
  0.0317377593892161
 -0.0771018758526907
 -0.0529872114130399
  0.0247692202662790
  0.0110912916219092
 -0.1185660771116090
 -0.1119953532738691
  0.0523009394043470
  0.0431757853700105
 -0.0324887928504154
 -0.0536182836262356
  0.0215820912643494
  0.0066394940374437
  0.1090445922412755
 -0.1303740529635888
 -0.0246294943152634
  0.0100557637358207
  0.0340122797635445
 -0.0002576526733651
  0.0245147209693357
  0.0010445731262987
 -0.0741228158827880
 -0.0453527985438313
  0.1020351238679496
  0.0669793703563073
 -0.0270877657443407
 -0.0097824183817181
  0.0320058844686741
  0.0044864837519754
  0.0674976767412545
  0.0607501245801245
  0.0539192445834829
 -0.0258114540060603
  0.0011083080287975
  0.0777120918681931
  0.0231823475377553
  0.0031287117097314
  0.0454617625121045
  0.0134871529876790
  0.0400811563288244
  0.0475596097867310
  0.0910265800296202
  0.0796752709970860
  0.0235140545463253
  0.0049110784436053
  0.0067127437508674
  0.0072118640259902
  0.0053077503473773
  0.0093296028443461
  0.0071651317660582
  0.0006615159865682
  0.0066350771197961
  0.0082273359902274

Weights for Hidden Layer Neuron No 5
 -0.1078234664154252
  0.0373428927634905
  0.0128590558557420
 -0.0173166700122351
 -0.0744382256506242
 -0.0951567476597575
  0.0013548880553902
  0.0070691064491939
  0.0333549928963635
  0.0166754593980158
 -0.0531259390587024
  0.0244997855706117
 -0.0159370987768455
  0.0270792119369219
  0.0574766805066247
  0.0028668380174999
 -0.0629144395937828
 -0.0922821482072322
 -0.0149609446350780
  0.0235447125020585
  0.0017834755003729
  0.0366464388283703
  0.0563083337519856
  0.0066779782273514
 -0.0516600640499973
 -0.0647601838550145
  0.0843184145140867
  0.0516419839955233
 -0.0726028121224545
 -0.0133870198611277
  0.0541538133112454
  0.0013235270966554
 -0.0529198612182427
 -0.0193485338035941
  0.0297454363570466
 -0.0152943400380536
 -0.0771220549787586
 -0.0249236985487187
  0.0188384704134990
  0.0104343806749227
  0.0416753615989478
  0.0447010170241242
  0.0194532613240597
 -0.0301613767898630
 -0.0409692471450853
  0.0073784406967903
  0.0587466572510493
  0.0098355867209250
  0.0930899573481838
  0.0967632007660768
  0.0119870426339475
 -0.0197920319596108
  0.0623978470837301
  0.1079150929266461
 -0.0266601562541382
  0.0056738730237456
  0.0091341341573639
  0.0058877543295139
  0.0087177826855509
  0.0006752662789706
  0.0095841313105325
  0.0046483891220817
  0.0030256364379468
  0.0092667809352633

Weights for Hidden Layer Neuron No 6
 -0.0204747425294443
 -0.0167201424961547
 -0.0280444036418430
 -0.0088774513168204
 -0.0815327559671459
  0.0477871255476430
  0.0043576956213869
  0.0070760698800711
 -0.0139294038457223
 -0.0316577359495795
  0.0014469410559759
  0.0844711928629067
 -0.0922588811113201
 -0.0432204917828471
  0.0542614175217864
  0.0024184869246540
  0.0241932880034312
  0.0349102586905587
  0.1313117075155787
  0.1155147200153124
  0.0000452111934955
 -0.0474576645939919
  0.0469572938249030
  0.0102681778789844
 -0.0144928283785788
 -0.0054905777990157
 -0.0508948280373716
 -0.0689671012731878
 -0.0793805604947693
  0.1072069128382509
  0.0477101182357842
  0.0022770404145973
 -0.0159066685210973
 -0.0347821326407711
  0.0320978614648766
  0.0659308520947661
 -0.0253679632783133
  0.0148682090891015
  0.0618790186335332
  0.0037827846709249
 -0.0268221856412936
 -0.0255433062482950
  0.0449683934765517
  0.0066489898117297
 -0.0538227445604207
 -0.0099548779548542
  0.0451879229964334
  0.0056342519401156
  0.0485104203755782
  0.0351079523423437
 -0.0268354725179449
 -0.0113930804171503
  0.0491149773420148
  0.0965518072591749
  0.0192602918597800
  0.0042982610423934
  0.0024410358556857
  0.0000997045904063
  0.0018118652148864
  0.0111779284276281
  0.0106246882024124
  0.0038972519589286
  0.0040249539476420
  0.0018596083260647

Weights for Hidden Layer Neuron No 7
  0.0644218425543386
  0.0480051575045195
  0.0470681769273824
  0.0251272117566543
 -0.0063233831378326
  0.0315613500202403
  0.0073492511468558
  0.0077207577310148
  0.0510928356124509
  0.0474146084673066
 -0.0186816650472394
  0.0128958999307400
  0.0034997401497314
 -0.0139971969861676
 -0.0157486770515902
  0.0090617333287639
 -0.0308783297856507
 -0.0459818699563925
  0.0488600871284461
  0.0683622590473760
  0.0312973669645089
 -0.0080380613804749
 -0.0117794129814257
  0.0008023361089444
 -0.0663492943079973
 -0.0858798559268052
 -0.0017781613218997
  0.0000675176800431
  0.0005632333789158
  0.0427359164779659
 -0.0065994810379735
  0.0044170741902221
 -0.1222666377934729
 -0.2129780880891303
 -0.0668471312259271
  0.0192382342443977
  0.0730305360282273
  0.0592384956214005
 -0.0256172580850489
  0.0082124317577694
 -0.0374068490202148
 -0.0464867183538900
  0.0402176030493138
  0.0882285274045671
 -0.0108377866607157
 -0.0617619893321262
 -0.0130536882923593
  0.0094715279861930
 -0.0461286889604366
  0.0174349638200795
  0.0461351299305193
  0.0228444626799558
 -0.0343530917247108
 -0.0897345777785858
 -0.0137929248468538
  0.0084969890303910
  0.0077427121329237
  0.0080490563577627
  0.0105948086064132
  0.0094674338398306
  0.0015873524276646
  0.0021405020006675
  0.0088570284175802
  0.0007120668835769

     OutPut Layer Weights


Weights for OutPut Layer Neuron No 0
 -0.3801813940381180
 -0.3717312452135957
 -0.3807611040933807
 -0.3843147331567707
 -0.2648255278954821
 -0.1924978271911186
 -0.1934117847888501
 -0.3012438205064427

Weights for OutPut Layer Neuron No 1
 -0.3719762908922348
 -0.3736674344336279
 -0.3753032652530237
 -0.3895306977874498
 -0.2686235688520355
 -0.1979988483121815
 -0.1902515224510353
 -0.3078284839784828

Weights for OutPut Layer Neuron No 2
  0.3784131853913095
  0.3695008370495998
  0.3817527093979152
  0.3861860639126462
  0.2649759338200965
  0.1949686655273126
  0.1928875268674801
  0.3023600473211445

Weights for OutPut Layer Neuron No 3
  0.3772899509085619
  0.3746567878283713
  0.3796606572459496
  0.3830446795391254
  0.2673088154692778
  0.1991489409849692
  0.1891126735442867
  0.3013790401910228

Weights for OutPut Layer Neuron No 4
  0.4036473214273428
  0.4465012948658114
  0.3753869326792483
  0.3889378513545125
 -2.5985550037948997
 -0.4598969190601565
 -0.4368056679509209
  0.0264877472323519

Weights for OutPut Layer Neuron No 5
 -0.0851082594384707
 -0.2233412315392798
 -0.2652280025058644
  0.0002366310173572
  2.0018359900350333
 -2.4925326658412814
 -0.2415446582720051
  0.2890739301506073

Weights for OutPut Layer Neuron No 6
 -0.5008337977642441
 -0.2649244964786703
 -0.1498857214478448
 -0.2383019636818062
  2.0106094097391178
  0.5292615467069481
 -2.5158424609435315
  0.0202839929541483

Weights for OutPut Layer Neuron No 7
 -0.3974485608887335
 -0.3815643492607705
 -0.5120286309411313
 -0.4166730571591870
 -0.1926919456270753
  0.3627036942648374
  0.2827024592120324
  2.6841212911749608

For an Example of Input and Output Vectors run the program in training mode
