           Network Fully Trained
Number of Passes over the whole input Set:    377
Training Rate Coefficient : 0.180
Momentum Coefficient      : 0.000
Total Error               :   0.884834

     Hidden Layer Weights


Weights for Hidden Layer Neuron No 0
  0.0124582747764492
  0.0148656992770384
  0.0193149536630983
  0.0149548590621862
  0.0159888697566259
  0.0091640927300034
  0.0040701733734636
  0.0051119083831637
  0.0161535118319307
  0.0190582217871622
  0.0139065912009073
  0.0099754600545481
  0.0140069476182418
  0.0123057968319529
  0.0109165855047024
  0.0033527846353962
  0.0112922072732999
  0.0179298257631331
  0.0061558958918582
  0.0062153045185340
  0.0206636449303517
  0.0186895724908140
  0.0086504723920626
  0.0022060692917272
  0.0079540661593285
  0.0128649842930884
  0.0095123745681747
  0.0182758798436851
  0.0129731657222720
  0.0138456802081208
  0.0018632924960755
  0.0094079181782121
  0.0061448761994285
  0.0108807104483759
  0.0064336728744721
  0.0108485692811087
  0.0174788272718445
  0.0117251422683182
  0.0098795930207842
  0.0069808011581571
  0.0096433851306585
  0.0106022058519244
  0.0085542833246421
  0.0154207378840141
  0.0151781235431372
  0.0180731353239878
  0.0081777355646153
  0.0056634117441092
  0.0111904206237199
  0.0197613163030894
  0.0136438844714348
  0.0234562836083398
  0.0216422839813504
  0.0080977252978158
  0.0082021958068452
  0.0023653771037644
  0.0021185472795970
  0.0079332881324632
  0.0021398904095022
  0.0109240296453805
  0.0083371854879033
  0.0051451260014730
  0.0097275816134328
  0.0077393938253607

Weights for Hidden Layer Neuron No 1
  0.0039944123625304
  0.0138572288251879
  0.0152361002018608
  0.0183867041176029
  0.0216014757463654
  0.0091537940301833
  0.0041116255942413
  0.0096549250740168
  0.0115943229677242
  0.0223824749732842
  0.0076329078161805
  0.0046132017828668
  0.0102279289286145
  0.0195512520218415
  0.0078616052759912
  0.0053862778292029
  0.0111690125338129
  0.0132678780840649
  0.0098663555990299
  0.0037335803566947
  0.0218813324447638
  0.0123613396150688
  0.0090138084431004
  0.0041901134739319
  0.0042060937309714
  0.0158588851748220
  0.0130501627410808
  0.0136477944769808
  0.0185846459104653
  0.0078762007860291
  0.0114155978527464
  0.0008816575432675
  0.0079598146283217
  0.0084325795663318
  0.0125361463462497
  0.0084732785564512
  0.0187594411746659
  0.0100075706979652
  0.0029346356696855
  0.0054143492728898
  0.0090257592821814
  0.0094961307909784
  0.0073438588413168
  0.0148216887861850
  0.0212542368762172
  0.0160763120055094
  0.0073755139943970
  0.0008173669018685
  0.0108023787513361
  0.0183178198340954
  0.0204055139336106
  0.0177215812447855
  0.0141916284169668
  0.0087725062471975
  0.0031453055859672
  0.0042337627526834
  0.0106383091665521
  0.0095006612108648
  0.0089976148774014
  0.0103992452750816
  0.0084439161066143
  0.0005096988595517
  0.0013734982035043
  0.0061834906960385

Weights for Hidden Layer Neuron No 2
  0.0099261750528257
  0.0122360507790802
  0.0209478265668395
  0.0173947866316269
  0.0180803757428407
  0.0131647336039720
  0.0031774274042142
  0.0057187229604168
  0.0161684917042351
  0.0228998039681301
  0.0060679171228202
  0.0091213233994267
  0.0168091942400963
  0.0159035588173708
  0.0104316192132359
  0.0040534197488853
  0.0158249587413195
  0.0119591821082849
  0.0073984064040928
  0.0069442066912515
  0.0206138366390860
  0.0179072342488382
  0.0054327992060550
  0.0050443710361634
  0.0087573221990738
  0.0103253481748027
  0.0158084071537985
  0.0180585824437571
  0.0148151191154682
  0.0046128635779326
  0.0021766029453261
  0.0001780552936068
  0.0098213220557142
  0.0172167894240829
  0.0111709653208578
  0.0068996966308816
  0.0145532025696298
  0.0098904792774732
  0.0129477903368382
  0.0007231183810514
  0.0124581731686533
  0.0183371576778200
  0.0114115740930458
  0.0082735687509654
  0.0191390367813824
  0.0102546835179709
  0.0110776089955920
  0.0078197890327516
  0.0124999297689641
  0.0163280669692085
  0.0149769594047200
  0.0144230074951253
  0.0210221205800849
  0.0102671755548016
  0.0088065735334908
  0.0080532469901868
  0.0028217741487069
  0.0095836438782726
  0.0062303161981063
  0.0050377357081430
  0.0047481776832541
  0.0004703938919173
  0.0000472317627642
  0.0030274854742736

Weights for Hidden Layer Neuron No 3
  0.0103691516904547
  0.0107264914696970
  0.0185236040312873
  0.0194646850738422
  0.0175433936754530
  0.0131789505218052
  0.0021009711245235
  0.0082224670515103
  0.0195416891933746
  0.0213136145654573
  0.0147981252223701
  0.0095251719316707
  0.0112672140961649
  0.0111766783323191
  0.0027271908307789
  0.0017338248356928
  0.0087169346417539
  0.0144134586988542
  0.0091171914225754
  0.0028921220372311
  0.0172872579810530
  0.0146926756270176
  0.0107639328490308
  0.0060105072072787
  0.0058212325904279
  0.0068458905138868
  0.0160007657731001
  0.0185742314747870
  0.0189334218762554
  0.0148614953941717
  0.0087433578266030
  0.0036069730118840
  0.0101819047836216
  0.0137285713847461
  0.0065723100807844
  0.0060650704974634
  0.0152813226915782
  0.0175647881096381
  0.0126102459144022
  0.0087030299499702
  0.0103659330183632
  0.0089883212102251
  0.0076958271070851
  0.0092792748922932
  0.0208633969554910
  0.0191237339042232
  0.0023734379337483
  0.0025882165659254
  0.0109976912333423
  0.0197272550836090
  0.0227328873939143
  0.0240096403648806
  0.0134939491302077
  0.0107179692146815
  0.0015359387721947
  0.0109568555797495
  0.0061179157712772
  0.0019387517155813
  0.0017373886827929
  0.0043955995554725
  0.0019108975525910
  0.0111237058070657
  0.0086392058593248
  0.0040836963185171

Weights for Hidden Layer Neuron No 4
  0.0463216533575519
 -0.0444814093546029
  0.0293916088455433
  0.0448877862580730
  0.0339017104474806
  0.0833794996088955
  0.0015093547846661
  0.0036609540641130
 -0.0426685695999822
  0.0293165424461392
  0.0975698891611501
  0.0290387362136357
 -0.0699999279059966
 -0.0497086298765907
  0.0209458538562615
  0.0110912916219092
 -0.1086805587797244
 -0.1027905784442282
  0.0478487590646068
  0.0394043485322300
 -0.0309633684754260
 -0.0503397020900138
  0.0177587248544171
  0.0066394940374437
  0.1018250381393955
 -0.1194161209723461
 -0.0237781699898676
  0.0092813649141306
  0.0328222599504784
 -0.0049931698088983
  0.0206913545593181
  0.0010445731262987
 -0.0646866338297514
 -0.0409014239974113
  0.0927255700302112
  0.0626546240315520
 -0.0216672549032353
 -0.0081852739504029
  0.0275017745568391
  0.0044864837519754
  0.0632690072282003
  0.0565214550665587
  0.0502752417623924
 -0.0241103404757439
  0.0015440113624425
  0.0728026788503939
  0.0193589811278514
  0.0031287117097314
  0.0384586753298777
  0.0087619537394232
  0.0375536003437560
  0.0443513102997031
  0.0840988873355855
  0.0681680738985051
  0.0228333110443657
  0.0049110784436053
  0.0067127437508674
  0.0072118640259902
  0.0053077503473773
  0.0093296028443461
  0.0071651317660582
  0.0006615159865682
  0.0066350771197961
  0.0082273359902274

Weights for Hidden Layer Neuron No 5
 -0.0916895875651562
  0.0379999524315053
  0.0137847520043977
 -0.0132320227392029
 -0.0648154108636163
 -0.0834924424400469
  0.0013548880553902
  0.0070691064491939
  0.0340120525652310
  0.0176011555469699
 -0.0496983514536851
  0.0221205691795490
 -0.0111151152115809
  0.0242726707467682
  0.0498481557515902
  0.0028668380174999
 -0.0483059390761014
 -0.0745146965613230
 -0.0107176090439935
  0.0246290969694485
  0.0055994862928515
  0.0338398976373924
  0.0486798089970648
  0.0066779782273514
 -0.0503228336846178
 -0.0536152841953594
  0.0767387565671243
  0.0459451281623728
 -0.0629799973344234
 -0.0026679232706677
  0.0465252885562677
  0.0013235270966554
 -0.0503410797953734
 -0.0321987606722018
  0.0138200137882478
 -0.0157907543150202
 -0.0539530340150236
 -0.0093832023390235
  0.0143688967827700
  0.0104343806749227
  0.0300617801552505
  0.0330874355808533
  0.0157978959235550
 -0.0176220991975526
 -0.0332292344716052
 -0.0010761896224452
  0.0511181324960148
  0.0098355867209250
  0.0721227815432712
  0.0881775700461276
  0.0129127387830721
 -0.0157073846858395
  0.0484050492496522
  0.0824783434906067
 -0.0235012051304864
  0.0056738730237456
  0.0091341341573639
  0.0058877543295139
  0.0087177826855509
  0.0006752662789706
  0.0095841313105325
  0.0046483891220817
  0.0030256364379468
  0.0092667809352633

Weights for Hidden Layer Neuron No 6
 -0.0246954722070711
 -0.0041895272955585
 -0.0249027547053799
 -0.0097014109642686
 -0.0770758636738265
  0.0343404453135463
  0.0043576956213869
  0.0070760698800711
 -0.0013987886452469
 -0.0285160870130312
 -0.0119076337936406
  0.0752247323390520
 -0.0743458531321721
 -0.0305678057798104
  0.0490010755479489
  0.0024184869246540
  0.0362031279144617
  0.0429544900185306
  0.1179775676074541
  0.1061461886912412
  0.0086102178122047
 -0.0348049785912963
  0.0416969518511792
  0.0102681778789844
 -0.0278268932621586
  0.0066413329125794
 -0.0382721074519168
 -0.0617377729550412
 -0.0749236682013361
  0.1073959153113719
  0.0424497762621172
  0.0022770404145973
 -0.0172773902248480
 -0.0391261505083662
  0.0144847125101961
  0.0512909993051380
 -0.0125443825542675
  0.0224314478396934
  0.0526530680765518
  0.0037827846709249
 -0.0317692668875793
 -0.0304903874941829
  0.0342941492691011
  0.0147377199941587
 -0.0439724600011573
 -0.0188675677830474
  0.0399275810227095
  0.0056342519401156
  0.0402562722702555
  0.0383826515715100
 -0.0236938235815956
 -0.0122170400654227
  0.0349214355726417
  0.0790717085963024
  0.0152946832764655
  0.0042982610423934
  0.0024410358556857
  0.0000997045904063
  0.0018118652148864
  0.0111779284276281
  0.0106246882024124
  0.0038972519589286
  0.0040249539476420
  0.0018596083260647

Weights for Hidden Layer Neuron No 7
  0.0665164041975004
  0.0485217768864459
  0.0466419946898782
  0.0238785874783218
 -0.0044423296689473
  0.0317999479745481
  0.0073492511468558
  0.0077207577310148
  0.0516094549943205
  0.0469884262299729
 -0.0204469087056225
  0.0089437801428573
  0.0024118374897348
 -0.0161186212947939
 -0.0167821986994454
  0.0090617333287639
 -0.0303030145898333
 -0.0462289968020286
  0.0467235689874883
  0.0670481829478149
  0.0309915443037880
 -0.0101594856887601
 -0.0128129346290535
  0.0008023361089444
 -0.0660183818648648
 -0.0879425844167372
 -0.0032653835541581
 -0.0021742662050066
  0.0024442868477976
  0.0410630866188058
 -0.0076330026856510
  0.0044170741902221
 -0.1226968984628911
 -0.2117824425170056
 -0.0699279064150460
  0.0145315528039163
  0.0740402448966506
  0.0592146828431623
 -0.0274732217735902
  0.0082124317577694
 -0.0333498456859047
 -0.0424297150204893
  0.0363333636501579
  0.0837453418323548
 -0.0082021715394944
 -0.0585274280406338
 -0.0140872099399587
  0.0094715279861930
 -0.0476324604556453
  0.0167298215878589
  0.0457089476931287
  0.0215958384017370
 -0.0342482081797471
 -0.0930943129603747
 -0.0146153668877105
  0.0084969890303910
  0.0077427121329237
  0.0080490563577627
  0.0105948086064132
  0.0094674338398306
  0.0015873524276646
  0.0021405020006675
  0.0088570284175802
  0.0007120668835769

     OutPut Layer Weights


Weights for OutPut Layer Neuron No 0
 -0.3642654075451901
 -0.3564523859395194
 -0.3641293374666930
 -0.3677197280676410
 -0.2733691089438253
 -0.2415397708762157
 -0.2291995893331205
 -0.2423636418520800

Weights for OutPut Layer Neuron No 1
 -0.3560087165778896
 -0.3583344930038948
 -0.3586163546542593
 -0.3728784506924967
 -0.2772639917716333
 -0.2473079619655891
 -0.2262571734222547
 -0.2486737334338613

Weights for OutPut Layer Neuron No 2
  0.3624101960981534
  0.3540888615348194
  0.3650333423797747
  0.3694508638732259
  0.2736319915984495
  0.2440975382164652
  0.2288363457478226
  0.2436478588076625

Weights for OutPut Layer Neuron No 3
  0.3612444519467317
  0.3592011640739656
  0.3628948470191062
  0.3662606179268550
  0.2760205061977103
  0.2482165623562196
  0.2250209656326660
  0.2425498999600677

Weights for OutPut Layer Neuron No 4
  0.4115709207712825
  0.4545789930261890
  0.3880471122079143
  0.3964586503020655
 -2.5677734839591722
 -0.4108867105396712
 -0.4342111636515256
  0.0009670638319355

Weights for OutPut Layer Neuron No 5
 -0.0411079613828633
 -0.1251367779327666
 -0.1547869347500637
  0.0209946782769066
  1.7798506902072404
 -2.5340088303782977
 -0.3097498478327907
  0.4084457684530207

Weights for OutPut Layer Neuron No 6
 -0.4140021531698039
 -0.2807638442395728
 -0.2212490976226036
 -0.2424169181510933
  2.0582654929639830
  0.5428386858102385
 -2.6674032020237064
  0.0952007615254615

Weights for OutPut Layer Neuron No 7
 -0.4156114708616769
 -0.3974152302816947
 -0.5332347662797474
 -0.4327566004258188
 -0.3185349806872182
  0.5980788247170494
  0.4946011748274941
  2.5602284649503417

For an Example of Input and Output Vectors run the program in training mode
