           Network Fully Trained
Number of Passes over the whole input Set:    87
Training Rate Coefficient : 0.180
Momentum Coefficient      : 0.900
Total Error               :   1.127893

     Hidden Layer Weights


Weights for Hidden Layer Neuron No 0
  0.0986332089686357
 -0.0114009091377767
  0.0250489723817964
  0.0522537236710150
  0.0215859663304911
  0.0957513205535179
  0.0004561099359828
  0.0031698027657079
 -0.0132827629039696
  0.0357377841158950
  0.0581803540845840
  0.0479312418169116
 -0.0313041417204545
 -0.0434260240471076
 -0.0091225708410576
  0.0051575576771441
 -0.0304310192701394
 -0.0103810705846143
  0.0920656470854055
  0.0779366739525358
  0.0093075305989458
 -0.0474929508825426
 -0.0089742094806269
  0.0000366033996675
  0.0240805040733676
 -0.0616996007869943
 -0.0440393852933880
 -0.0222019533117077
  0.0241840394965323
  0.0276761976073772
 -0.0143141701424696
  0.0110119932770658
 -0.0275900756829230
 -0.0475194479811307
  0.0610252736304346
  0.0729473325832259
  0.0040794455941011
 -0.0064431382150119
 -0.0000586610420380
  0.0050776378523665
 -0.0036971084135722
 -0.0048818304819349
  0.0518981732131465
  0.0357862765118284
 -0.0026349315344518
  0.0165706539988832
 -0.0139327164053924
  0.0069804212465598
  0.0171932074306937
 -0.0169007701987880
  0.0328588540469354
  0.0474783844566105
  0.0322189089844755
  0.0140410241218518
  0.0228047608513577
  0.0102542601473488
  0.0008810732743880
  0.0039182923514431
  0.0035296521369332
  0.0060251995847906
  0.0039878047772532
  0.0095102139748633
  0.0111945125829038
  0.0064087585504211

Weights for Hidden Layer Neuron No 1
 -0.0399175510470400
 -0.0123820235629779
  0.0229479802568164
  0.0035303796443422
  0.0138477892128748
 -0.0368194912416584
  0.0013434124712859
  0.0023939816773009
 -0.0165561731636785
  0.0214603573454895
  0.0275583232062786
 -0.0247586746714887
 -0.0208784330608864
 -0.0007169074119044
  0.0352532692464820
  0.0076694566432067
 -0.1197386970269463
 -0.1389638957298303
 -0.0641766698876154
 -0.0459864752439785
 -0.0389086426891936
 -0.0051861331704330
  0.0285115787028190
  0.0073492511468558
  0.0624592736517684
 -0.0995436200017821
  0.0420850836275690
  0.0591977597392770
  0.0157030897013044
 -0.0502315051200526
  0.0312299529614393
  0.0077207577310148
 -0.0739722844580228
 -0.0366461363785788
  0.0303538650530584
 -0.0081113849237653
 -0.0379660071189392
 -0.0152327566126615
  0.0107182152973166
  0.0100680993545552
  0.0753760356151361
  0.0784153333210043
  0.0106893122091947
 -0.0429835726870351
  0.0001180325879733
  0.0573375998174015
  0.0266796137468930
  0.0106006916874009
  0.0369220425474168
  0.0292221338604577
  0.0183091252564509
  0.0079751903420799
  0.0430264443132842
  0.0345525431730493
 -0.0175081329543332
  0.0036246180063486
  0.0071591732479348
  0.0016402777629700
  0.0062307199944627
  0.0067217790919329
  0.0059665435966991
  0.0112359377429954
  0.0075554856088758
  0.0035555454839553

Weights for Hidden Layer Neuron No 2
 -0.0133637986131276
 -0.0577245504052257
 -0.0363347644826035
 -0.0332632394400889
 -0.0142118431922142
 -0.0109374832848914
  0.0012240635461360
  0.0022906617135909
 -0.0559305431814323
 -0.0345227184182022
  0.0296211124449997
 -0.0109174407512569
 -0.0270716967868907
 -0.0418528548473773
 -0.0007489037350101
  0.0021505723288797
  0.0387294167611003
  0.0440584725173494
 -0.0115147543933318
 -0.0276486300973318
 -0.0426998762472408
 -0.0342747563497028
  0.0032500609132633
  0.0016081706997468
  0.0400613888497787
  0.0503725295101844
 -0.0142374659547073
 -0.0345245985029123
 -0.0034146453976582
 -0.0392772939463839
 -0.0052932885125827
  0.0090617333287639
  0.0842302782764364
  0.1138983441129540
  0.0081220078067901
 -0.0286798747429771
 -0.0180691321658060
 -0.0326224948669278
  0.0110371204428503
  0.0073287401275124
  0.0319798266760358
  0.0270017752928027
 -0.0354222925161025
 -0.0594849508031530
  0.0035502739403448
  0.0386503276258736
 -0.0007820606603861
  0.0103206635306350
  0.0105775097343326
 -0.0285984498253811
 -0.0411935706259783
 -0.0308762487985064
  0.0114145481318531
  0.0155377869974984
  0.0182861701215415
  0.0004426906816661
  0.0034709223598419
  0.0008849671079121
  0.0041436998571243
  0.0002179089985956
  0.0085131441127828
  0.0088748822375919
  0.0081760362627818
  0.0018493990267352

Weights for Hidden Layer Neuron No 3
 -0.1189829654543928
  0.0488522592729055
 -0.0318028666901569
 -0.0544310140180073
 -0.1178438743404513
 -0.0977954700240389
  0.0056940954639018
  0.0083680942790636
  0.0471015113016051
 -0.0393298377709357
 -0.0906376506692368
  0.0464246923007750
 -0.0120285812023440
  0.0323257405365780
  0.0439511041496985
  0.0081097079346790
  0.0628089058606065
  0.0435593251172008
  0.0413525189066490
  0.0662511580076171
  0.0227643207947210
  0.0291682653896430
  0.0448831179122067
  0.0055774347699682
 -0.1162336728812079
  0.0434850570379695
  0.0508479666520429
 -0.0319050806261885
 -0.1153036912436392
  0.0857399111048380
  0.0514935831375851
  0.0008023361089444
 -0.0181150102006882
 -0.0667211209072320
 -0.0826740363552290
 -0.0408059153873523
  0.0136760870470169
  0.0507274988430595
  0.0269764734572675
  0.0007496545185450
 -0.0329072732766349
 -0.0301722117216059
 -0.0198185994624396
 -0.0026129704897144
 -0.0326735912226468
 -0.0574587244568647
  0.0522887627598152
  0.0094997195600257
  0.0155797758555707
  0.0861655965007913
 -0.0356198011810420
 -0.0547030155763082
  0.0104589257989289
  0.0473898063121965
 -0.0137074284590568
  0.0033952788491689
  0.0065841784365901
  0.0017284019640904
  0.0066157130503584
  0.0074227399799653
  0.0047369312515926
  0.0077494549292965
  0.0097508445549579
  0.0023306428998957

     OutPut Layer Weights


Weights for OutPut Layer Neuron No 0
 -2.1289477794707636
 -2.5609827523803688
 -2.1688384924236743
 -2.4199142959696474

Weights for OutPut Layer Neuron No 1
 -2.1252395392875769
 -2.5599535148139694
 -2.1726157389348373
 -2.4207663221495750

Weights for OutPut Layer Neuron No 2
  2.1298315426683985
  2.5569501051104453
  2.1745080336186220
  2.4185902168501343

Weights for OutPut Layer Neuron No 3
  2.1263419680071820
  2.5586526043662161
  2.1730327508776099
  2.4209058248088695

Weights for OutPut Layer Neuron No 4
 -1.9429231725716818
 -1.0163372469596652
  1.1494911253121245
  4.8944609287937055

Weights for OutPut Layer Neuron No 5
  2.7242209054202249
 -3.9583923144455184
  2.0409448638747563
 -4.3701728751912015

Weights for OutPut Layer Neuron No 6
 -0.6078805105826177
  2.4795149046440201
 -0.3513070143244477
 -4.9959045131836319

Weights for OutPut Layer Neuron No 7
  1.0593226832261280
 -0.5292705407937319
 -6.8747584498705692
  4.6841826144518564

For an Example of Input and Output Vectors run the program in training mode
